{
  "stats": {
    "suites": 1,
    "tests": 1,
    "passes": 1,
    "pending": 0,
    "failures": 0,
    "start": "2025-12-09T19:56:30.792Z",
    "end": "2025-12-09T19:56:37.138Z",
    "duration": 6346,
    "testsRegistered": 1,
    "passPercent": 100,
    "pendingPercent": 0,
    "other": 0,
    "hasOther": false,
    "skipped": 0,
    "hasSkipped": false
  },
  "results": [
    {
      "uuid": "c20fd558-7300-4b94-b1a3-73f85269d7fc",
      "title": "",
      "fullFile": "cypress\\e2e\\examples\\test4.cy.js",
      "file": "cypress\\e2e\\examples\\test4.cy.js",
      "beforeHooks": [],
      "afterHooks": [],
      "tests": [],
      "suites": [
        {
          "uuid": "4aa9f342-3848-410f-b95b-ddf2fe2f31e8",
          "title": "My Fourth Test Suite",
          "fullFile": "",
          "file": "",
          "beforeHooks": [],
          "afterHooks": [],
          "tests": [
            {
              "title": "My Fourth Test case",
              "fullTitle": "My Fourth Test Suite My Fourth Test case",
              "timedOut": null,
              "duration": 3980,
              "state": "passed",
              "speed": "fast",
              "pass": true,
              "fail": false,
              "pending": false,
              "context": null,
              "code": "cy.visit(Cypress.env('url') + \"/AutomationPractice/\");\n// cy.get('#name').type(\"Aditi\")\ncy.get('#alertbtn').click();\ncy.get('[value=\"Confirm\"]').click();\ncy.on('window:alert', str => {\n  //Mocha assertion\n  expect(str).to.equal('Hello , share this practice page and share your knowledge');\n});\ncy.on('window:confirm', str => {\n  //Mocha assertion\n  expect(str).to.equal('Hello , Are you sure you want to confirm?');\n});",
              "err": {},
              "uuid": "6734c984-d8cf-49d4-b610-1324d00c6eee",
              "parentUUID": "4aa9f342-3848-410f-b95b-ddf2fe2f31e8",
              "isHook": false,
              "skipped": false
            }
          ],
          "suites": [],
          "passes": [
            "6734c984-d8cf-49d4-b610-1324d00c6eee"
          ],
          "failures": [],
          "pending": [],
          "skipped": [],
          "duration": 3980,
          "root": false,
          "rootEmpty": false,
          "_timeout": 2000
        }
      ],
      "passes": [],
      "failures": [],
      "pending": [],
      "skipped": [],
      "duration": 0,
      "root": true,
      "rootEmpty": true,
      "_timeout": 2000
    }
  ],
  "meta": {
    "mocha": {
      "version": "7.2.0"
    },
    "mochawesome": {
      "options": {
        "quiet": false,
        "reportFilename": "mochawesome",
        "saveHtml": false,
        "saveJson": true,
        "consoleReporter": "spec",
        "useInlineDiffs": false,
        "code": true
      },
      "version": "7.1.4"
    },
    "marge": {
      "options": {
        "reportDir": "cypress\\reports\\html\\.jsons",
        "overwrite": false,
        "html": false,
        "json": true,
        "charts": true,
        "embeddedScreenshots": true,
        "inlineAssets": true
      },
      "version": "6.3.2"
    }
  }
}