{
  "stats": {
    "suites": 1,
    "tests": 1,
    "passes": 1,
    "pending": 0,
    "failures": 0,
    "start": "2025-12-09T19:56:22.652Z",
    "end": "2025-12-09T19:56:29.004Z",
    "duration": 6352,
    "testsRegistered": 1,
    "passPercent": 100,
    "pendingPercent": 0,
    "other": 0,
    "hasOther": false,
    "skipped": 0,
    "hasSkipped": false
  },
  "results": [
    {
      "uuid": "1859043a-e7b5-4d27-ba4a-b09d080e8f1c",
      "title": "",
      "fullFile": "cypress\\e2e\\examples\\test3.cy.js",
      "file": "cypress\\e2e\\examples\\test3.cy.js",
      "beforeHooks": [],
      "afterHooks": [],
      "tests": [],
      "suites": [
        {
          "uuid": "b9c5f961-6ab9-49c5-a96e-f0e928503bfc",
          "title": "My Third Test Suite",
          "fullFile": "",
          "file": "",
          "beforeHooks": [],
          "afterHooks": [],
          "tests": [
            {
              "title": "My Third Test case",
              "fullTitle": "My Third Test Suite My Third Test case",
              "timedOut": null,
              "duration": 3789,
              "state": "passed",
              "speed": "fast",
              "pass": true,
              "fail": false,
              "pending": false,
              "context": null,
              "code": "// Check boxes\ncy.visit(Cypress.env('url') + \"/AutomationPractice/\");\ncy.get('#checkBoxOption1').check().should('be.checked').and('have.value', 'option1'); // and treats should as new assertion and concatenates it\n// cy.get('#checkBoxOption1').uncheck().should('not.be.checked')\ncy.get('input[type=\"checkbox\"]').check(['option2', 'option3']);\n// Static Dropdown\n// cy.get('select').select('option2').should('have.value','option2')\n// Dynamic dropdowns\ncy.get('#autocomplete').type('ind');\ncy.get('.ui-menu-item div').each(($e1, index, $list) => {\n  if ($e1.text() === \"India\") {\n    cy.wrap($e1).click();\n  }\n}); // Closing the each() loop properly\n// Autocomplete (uncomment if needed)\ncy.get('#autocomplete').should('have.value', 'India');\n// Visible/Invisible elements\ncy.get('#displayed-text').should('be.visible');\ncy.get('#hide-textbox').click();\ncy.get('#displayed-text').should('not.be.visible');\ncy.get('#show-textbox').click();\ncy.get('#displayed-text').should('be.visible');\n// Radio buttons\ncy.get('[value=\"radio2\"]').check().should('be.checked');",
              "err": {},
              "uuid": "802c4d81-fcfb-4250-a6ef-848c47b1e92e",
              "parentUUID": "b9c5f961-6ab9-49c5-a96e-f0e928503bfc",
              "isHook": false,
              "skipped": false
            }
          ],
          "suites": [],
          "passes": [
            "802c4d81-fcfb-4250-a6ef-848c47b1e92e"
          ],
          "failures": [],
          "pending": [],
          "skipped": [],
          "duration": 3789,
          "root": false,
          "rootEmpty": false,
          "_timeout": 2000
        }
      ],
      "passes": [],
      "failures": [],
      "pending": [],
      "skipped": [],
      "duration": 0,
      "root": true,
      "rootEmpty": true,
      "_timeout": 2000
    }
  ],
  "meta": {
    "mocha": {
      "version": "7.2.0"
    },
    "mochawesome": {
      "options": {
        "quiet": false,
        "reportFilename": "mochawesome",
        "saveHtml": false,
        "saveJson": true,
        "consoleReporter": "spec",
        "useInlineDiffs": false,
        "code": true
      },
      "version": "7.1.4"
    },
    "marge": {
      "options": {
        "reportDir": "cypress\\reports\\html\\.jsons",
        "overwrite": false,
        "html": false,
        "json": true,
        "charts": true,
        "embeddedScreenshots": true,
        "inlineAssets": true
      },
      "version": "6.3.2"
    }
  }
}