{
  "stats": {
    "suites": 1,
    "tests": 1,
    "passes": 1,
    "pending": 0,
    "failures": 0,
    "start": "2025-12-09T19:56:38.908Z",
    "end": "2025-12-09T19:56:47.856Z",
    "duration": 8948,
    "testsRegistered": 1,
    "passPercent": 100,
    "pendingPercent": 0,
    "other": 0,
    "hasOther": false,
    "skipped": 0,
    "hasSkipped": false
  },
  "results": [
    {
      "uuid": "c08371a8-c35a-4a08-8893-082afacde261",
      "title": "",
      "fullFile": "cypress\\e2e\\examples\\test5.cy.js",
      "file": "cypress\\e2e\\examples\\test5.cy.js",
      "beforeHooks": [],
      "afterHooks": [],
      "tests": [],
      "suites": [
        {
          "uuid": "ca57e08a-1d4f-4386-a946-5688685dac4b",
          "title": "Handling Child Windows",
          "fullFile": "",
          "file": "",
          "beforeHooks": [],
          "afterHooks": [],
          "tests": [
            {
              "title": "Should handle child window",
              "fullTitle": "Handling Child Windows Should handle child window",
              "timedOut": null,
              "duration": 6887,
              "state": "passed",
              "speed": "medium",
              "pass": true,
              "fail": false,
              "pending": false,
              "context": null,
              "code": "cy.visit(Cypress.env('url') + \"/AutomationPractice/\");\ncy.get(\"#opentab\").invoke('removeAttr', 'target').click(); //remove target attribute to open link in the same tab \ncy.origin(\"https://www.qaclickacademy.com\", () =>\n//cy.origin to switch to the new domain\n{\n  cy.get('#navbarSupportedContent  a[href=\"about.html\"]').click();\n  //     cy.get(\"#navbarSupportedContent a[href*='about']\").click();\n  cy.get(\".mt-50 h2\").should('contain', 'QAClick Academy');\n});",
              "err": {},
              "uuid": "dcad89fe-0c52-4923-977c-4d9cba9be4b5",
              "parentUUID": "ca57e08a-1d4f-4386-a946-5688685dac4b",
              "isHook": false,
              "skipped": false
            }
          ],
          "suites": [],
          "passes": [
            "dcad89fe-0c52-4923-977c-4d9cba9be4b5"
          ],
          "failures": [],
          "pending": [],
          "skipped": [],
          "duration": 6887,
          "root": false,
          "rootEmpty": false,
          "_timeout": 2000
        }
      ],
      "passes": [],
      "failures": [],
      "pending": [],
      "skipped": [],
      "duration": 0,
      "root": true,
      "rootEmpty": true,
      "_timeout": 2000
    }
  ],
  "meta": {
    "mocha": {
      "version": "7.2.0"
    },
    "mochawesome": {
      "options": {
        "quiet": false,
        "reportFilename": "mochawesome",
        "saveHtml": false,
        "saveJson": true,
        "consoleReporter": "spec",
        "useInlineDiffs": false,
        "code": true
      },
      "version": "7.1.4"
    },
    "marge": {
      "options": {
        "reportDir": "cypress\\reports\\html\\.jsons",
        "overwrite": false,
        "html": false,
        "json": true,
        "charts": true,
        "embeddedScreenshots": true,
        "inlineAssets": true
      },
      "version": "6.3.2"
    }
  }
}