{
  "stats": {
    "suites": 1,
    "tests": 1,
    "passes": 1,
    "pending": 0,
    "failures": 0,
    "start": "2025-12-09T19:55:52.722Z",
    "end": "2025-12-09T19:56:08.433Z",
    "duration": 15711,
    "testsRegistered": 1,
    "passPercent": 100,
    "pendingPercent": 0,
    "other": 0,
    "hasOther": false,
    "skipped": 0,
    "hasSkipped": false
  },
  "results": [
    {
      "uuid": "81cf6b23-3005-49e3-8787-1aadb6ad9bdf",
      "title": "",
      "fullFile": "cypress\\e2e\\examples\\test11.cy.js",
      "file": "cypress\\e2e\\examples\\test11.cy.js",
      "beforeHooks": [],
      "afterHooks": [],
      "tests": [],
      "suites": [
        {
          "uuid": "dfdf87e0-bdb0-4eb7-8fb1-0a267d0c6ce1",
          "title": "End to End ecommerce test",
          "fullFile": "",
          "file": "",
          "beforeHooks": [],
          "afterHooks": [],
          "tests": [
            {
              "title": "Submit order",
              "fullTitle": "End to End ecommerce test Submit order",
              "timedOut": null,
              "duration": 12054,
              "state": "passed",
              "speed": "slow",
              "pass": true,
              "fail": false,
              "pending": false,
              "context": null,
              "code": "const productName = this.data.productName;\n// const homepage = new HomePage()\ncy.visit(Cypress.env('url') + \"/loginpagePractise/#/\");\nconst productpage = this.homepage.login(this.data.username, this.data.password);\ncy.wait(2000);\nproductpage.pageValidation();\nproductpage.getCardCount().should('have.length', 4);\nproductpage.selectProduct(productName);\nproductpage.selectFirstProduct();\nconst cartPage = productpage.goToCart();\ncartPage.sumOfProducts().then(function (sum) {\n  expect(sum).to.lessThan(200000);\n});\nconst confirmationPage = cartPage.checkoutItems();\nconfirmationPage.submitFormDetails();\nconfirmationPage.getAlertMessage().should('contain.text', 'Success! Thank you! Your order will be delivered in next few weeks :-).');\n// confirmationPage.getAlertmessage",
              "err": {},
              "uuid": "e3fd43ed-1238-4891-80ef-501cb95dd9bc",
              "parentUUID": "dfdf87e0-bdb0-4eb7-8fb1-0a267d0c6ce1",
              "isHook": false,
              "skipped": false
            }
          ],
          "suites": [],
          "passes": [
            "e3fd43ed-1238-4891-80ef-501cb95dd9bc"
          ],
          "failures": [],
          "pending": [],
          "skipped": [],
          "duration": 12054,
          "root": false,
          "rootEmpty": false,
          "_timeout": 2000
        }
      ],
      "passes": [],
      "failures": [],
      "pending": [],
      "skipped": [],
      "duration": 0,
      "root": true,
      "rootEmpty": true,
      "_timeout": 2000
    }
  ],
  "meta": {
    "mocha": {
      "version": "7.2.0"
    },
    "mochawesome": {
      "options": {
        "quiet": false,
        "reportFilename": "mochawesome",
        "saveHtml": false,
        "saveJson": true,
        "consoleReporter": "spec",
        "useInlineDiffs": false,
        "code": true
      },
      "version": "7.1.4"
    },
    "marge": {
      "options": {
        "reportDir": "cypress\\reports\\html\\.jsons",
        "overwrite": false,
        "html": false,
        "json": true,
        "charts": true,
        "embeddedScreenshots": true,
        "inlineAssets": true
      },
      "version": "6.3.2"
    }
  }
}