{
  "stats": {
    "suites": 1,
    "tests": 1,
    "passes": 1,
    "pending": 0,
    "failures": 0,
    "start": "2025-12-09T19:56:57.003Z",
    "end": "2025-12-09T19:57:02.218Z",
    "duration": 5215,
    "testsRegistered": 1,
    "passPercent": 100,
    "pendingPercent": 0,
    "other": 0,
    "hasOther": false,
    "skipped": 0,
    "hasSkipped": false
  },
  "results": [
    {
      "uuid": "f223b254-5f07-4e9c-a436-fe6bf062b47f",
      "title": "",
      "fullFile": "cypress\\e2e\\examples\\test7.cy.js",
      "file": "cypress\\e2e\\examples\\test7.cy.js",
      "beforeHooks": [],
      "afterHooks": [],
      "tests": [],
      "suites": [
        {
          "uuid": "dc1ad3b8-3816-4736-bc26-7ca0ea2722e8",
          "title": "My Seventh Test Suite",
          "fullFile": "",
          "file": "",
          "beforeHooks": [],
          "afterHooks": [],
          "tests": [
            {
              "title": "My Seventh Test case",
              "fullTitle": "My Seventh Test Suite My Seventh Test case",
              "timedOut": null,
              "duration": 2640,
              "state": "passed",
              "speed": "fast",
              "pass": true,
              "fail": false,
              "pending": false,
              "context": null,
              "code": "cy.visit(Cypress.env('url') + \"/AutomationPractice/\");\n//mouse hover\ncy.get('.mouse-hover-content').invoke('show');\ncy.contains('Top').click({\n  force: true\n});\ncy.url().should('include', 'top');",
              "err": {},
              "uuid": "e34ec061-2ba0-4724-b8d1-098b2e70866b",
              "parentUUID": "dc1ad3b8-3816-4736-bc26-7ca0ea2722e8",
              "isHook": false,
              "skipped": false
            }
          ],
          "suites": [],
          "passes": [
            "e34ec061-2ba0-4724-b8d1-098b2e70866b"
          ],
          "failures": [],
          "pending": [],
          "skipped": [],
          "duration": 2640,
          "root": false,
          "rootEmpty": false,
          "_timeout": 2000
        }
      ],
      "passes": [],
      "failures": [],
      "pending": [],
      "skipped": [],
      "duration": 0,
      "root": true,
      "rootEmpty": true,
      "_timeout": 2000
    }
  ],
  "meta": {
    "mocha": {
      "version": "7.2.0"
    },
    "mochawesome": {
      "options": {
        "quiet": false,
        "reportFilename": "mochawesome",
        "saveHtml": false,
        "saveJson": true,
        "consoleReporter": "spec",
        "useInlineDiffs": false,
        "code": true
      },
      "version": "7.1.4"
    },
    "marge": {
      "options": {
        "reportDir": "cypress\\reports\\html\\.jsons",
        "overwrite": false,
        "html": false,
        "json": true,
        "charts": true,
        "embeddedScreenshots": true,
        "inlineAssets": true
      },
      "version": "6.3.2"
    }
  }
}