{
  "stats": {
    "suites": 1,
    "tests": 1,
    "passes": 1,
    "pending": 0,
    "failures": 0,
    "start": "2025-12-09T19:55:40.263Z",
    "end": "2025-12-09T19:55:50.144Z",
    "duration": 9881,
    "testsRegistered": 1,
    "passPercent": 100,
    "pendingPercent": 0,
    "other": 0,
    "hasOther": false,
    "skipped": 0,
    "hasSkipped": false
  },
  "results": [
    {
      "uuid": "7282f137-386a-40a6-9078-820948c158d0",
      "title": "",
      "fullFile": "cypress\\e2e\\examples\\test10.cy.js",
      "file": "cypress\\e2e\\examples\\test10.cy.js",
      "beforeHooks": [],
      "afterHooks": [],
      "tests": [],
      "suites": [
        {
          "uuid": "f6577c54-0b0a-49a8-a87b-49f14f6f44ea",
          "title": "Calendar test",
          "fullFile": "",
          "file": "",
          "beforeHooks": [],
          "afterHooks": [],
          "tests": [
            {
              "title": "Verify date selection",
              "fullTitle": "Calendar test Verify date selection",
              "timedOut": null,
              "duration": 7481,
              "state": "passed",
              "speed": "medium",
              "pass": true,
              "fail": false,
              "pending": false,
              "context": null,
              "code": "const monthNumber = \"6\";\nconst date = \"15\";\nconst year = \"2027\";\nconst expectedList = [monthNumber, date, year];\ncy.visit(Cypress.env('url') + \"/seleniumPractise/#/offers\");\ncy.wait(5000);\ncy.get(\".react-date-picker__inputGroup\").click();\ncy.get(\".react-calendar__navigation__label\").click();\ncy.get(\".react-calendar__navigation__label\").click();\ncy.contains(\"button\", year).click();\ncy.get(\".react-calendar__year-view__months__month\").eq(Number(monthNumber) - 1).click();\ncy.contains(\"abbr\", date).click();\n//Assertion\ncy.get(\".react-date-picker__inputGroup__input\").each(($el, index) => {\n  cy.wrap($el).invoke('val').should('eq', expectedList[index]);\n});",
              "err": {},
              "uuid": "17d2b427-83ba-43ed-a484-85b5386952c4",
              "parentUUID": "f6577c54-0b0a-49a8-a87b-49f14f6f44ea",
              "isHook": false,
              "skipped": false
            }
          ],
          "suites": [],
          "passes": [
            "17d2b427-83ba-43ed-a484-85b5386952c4"
          ],
          "failures": [],
          "pending": [],
          "skipped": [],
          "duration": 7481,
          "root": false,
          "rootEmpty": false,
          "_timeout": 2000
        }
      ],
      "passes": [],
      "failures": [],
      "pending": [],
      "skipped": [],
      "duration": 0,
      "root": true,
      "rootEmpty": true,
      "_timeout": 2000
    }
  ],
  "meta": {
    "mocha": {
      "version": "7.2.0"
    },
    "mochawesome": {
      "options": {
        "quiet": false,
        "reportFilename": "mochawesome",
        "saveHtml": false,
        "saveJson": true,
        "consoleReporter": "spec",
        "useInlineDiffs": false,
        "code": true
      },
      "version": "7.1.4"
    },
    "marge": {
      "options": {
        "reportDir": "cypress\\reports\\html\\.jsons",
        "overwrite": false,
        "html": false,
        "json": true,
        "charts": true,
        "embeddedScreenshots": true,
        "inlineAssets": true
      },
      "version": "6.3.2"
    }
  }
}