{
  "stats": {
    "suites": 1,
    "tests": 1,
    "passes": 1,
    "pending": 0,
    "failures": 0,
    "start": "2025-12-09T19:57:04.412Z",
    "end": "2025-12-09T19:57:16.165Z",
    "duration": 11753,
    "testsRegistered": 1,
    "passPercent": 100,
    "pendingPercent": 0,
    "other": 0,
    "hasOther": false,
    "skipped": 0,
    "hasSkipped": false
  },
  "results": [
    {
      "uuid": "240f020b-bdcc-40b3-9923-ae8866eec70c",
      "title": "",
      "fullFile": "cypress\\e2e\\examples\\test8.cy.js",
      "file": "cypress\\e2e\\examples\\test8.cy.js",
      "beforeHooks": [],
      "afterHooks": [],
      "tests": [],
      "suites": [
        {
          "uuid": "e5e7a115-a6d4-4aea-99c9-642f4a7d292f",
          "title": "My Eighth Test Suite",
          "fullFile": "",
          "file": "",
          "beforeHooks": [],
          "afterHooks": [],
          "tests": [
            {
              "title": "My Eighth Test case",
              "fullTitle": "My Eighth Test Suite My Eighth Test case",
              "timedOut": null,
              "duration": 9272,
              "state": "passed",
              "speed": "medium",
              "pass": true,
              "fail": false,
              "pending": false,
              "context": null,
              "code": "cy.visit(Cypress.env('url') + \"/AutomationPractice/\");\ncy.get('#opentab').then(function (e1) {\n  const url = e1.prop('href');\n  cy.visit(url);\n  cy.origin(url, () => {\n    cy.get(\"div.sub-menu-bar a[href*='about']\").click();\n  });\n});",
              "err": {},
              "uuid": "b9a4344a-85ee-4e0d-9a52-9eb08516c486",
              "parentUUID": "e5e7a115-a6d4-4aea-99c9-642f4a7d292f",
              "isHook": false,
              "skipped": false
            }
          ],
          "suites": [],
          "passes": [
            "b9a4344a-85ee-4e0d-9a52-9eb08516c486"
          ],
          "failures": [],
          "pending": [],
          "skipped": [],
          "duration": 9272,
          "root": false,
          "rootEmpty": false,
          "_timeout": 2000
        }
      ],
      "passes": [],
      "failures": [],
      "pending": [],
      "skipped": [],
      "duration": 0,
      "root": true,
      "rootEmpty": true,
      "_timeout": 2000
    }
  ],
  "meta": {
    "mocha": {
      "version": "7.2.0"
    },
    "mochawesome": {
      "options": {
        "quiet": false,
        "reportFilename": "mochawesome",
        "saveHtml": false,
        "saveJson": true,
        "consoleReporter": "spec",
        "useInlineDiffs": false,
        "code": true
      },
      "version": "7.1.4"
    },
    "marge": {
      "options": {
        "reportDir": "cypress\\reports\\html\\.jsons",
        "overwrite": false,
        "html": false,
        "json": true,
        "charts": true,
        "embeddedScreenshots": true,
        "inlineAssets": true
      },
      "version": "6.3.2"
    }
  }
}