{
  "stats": {
    "suites": 1,
    "tests": 1,
    "passes": 1,
    "pending": 0,
    "failures": 0,
    "start": "2025-12-09T19:57:18.572Z",
    "end": "2025-12-09T19:57:24.267Z",
    "duration": 5695,
    "testsRegistered": 1,
    "passPercent": 100,
    "pendingPercent": 0,
    "other": 0,
    "hasOther": false,
    "skipped": 0,
    "hasSkipped": false
  },
  "results": [
    {
      "uuid": "df9993f4-7fb5-4db9-80c8-234468dd9337",
      "title": "",
      "fullFile": "cypress\\e2e\\examples\\test9.cy.js",
      "file": "cypress\\e2e\\examples\\test9.cy.js",
      "beforeHooks": [],
      "afterHooks": [],
      "tests": [],
      "suites": [
        {
          "uuid": "ec56b9dd-0355-445d-8f78-1c2f208c380c",
          "title": "Frames Test",
          "fullFile": "",
          "file": "",
          "beforeHooks": [],
          "afterHooks": [],
          "tests": [
            {
              "title": "Demo example",
              "fullTitle": "Frames Test Demo example",
              "timedOut": null,
              "duration": 2732,
              "state": "passed",
              "speed": "fast",
              "pass": true,
              "fail": false,
              "pending": false,
              "context": null,
              "code": "cy.visit(Cypress.env('url') + \"/AutomationPractice/\");\ncy.frameLoaded('#courses-iframe');\ncy.iframe().find(\"a[href*='mentorship']\").eq(0).click();\ncy.iframe().find(\"#platinum-section\").should('have.length', 1);",
              "err": {},
              "uuid": "28bdeaed-60ca-4437-85f3-3d34206b7ccf",
              "parentUUID": "ec56b9dd-0355-445d-8f78-1c2f208c380c",
              "isHook": false,
              "skipped": false
            }
          ],
          "suites": [],
          "passes": [
            "28bdeaed-60ca-4437-85f3-3d34206b7ccf"
          ],
          "failures": [],
          "pending": [],
          "skipped": [],
          "duration": 2732,
          "root": false,
          "rootEmpty": false,
          "_timeout": 2000
        }
      ],
      "passes": [],
      "failures": [],
      "pending": [],
      "skipped": [],
      "duration": 0,
      "root": true,
      "rootEmpty": true,
      "_timeout": 2000
    }
  ],
  "meta": {
    "mocha": {
      "version": "7.2.0"
    },
    "mochawesome": {
      "options": {
        "quiet": false,
        "reportFilename": "mochawesome",
        "saveHtml": false,
        "saveJson": true,
        "consoleReporter": "spec",
        "useInlineDiffs": false,
        "code": true
      },
      "version": "7.1.4"
    },
    "marge": {
      "options": {
        "reportDir": "cypress\\reports\\html\\.jsons",
        "overwrite": false,
        "html": false,
        "json": true,
        "charts": true,
        "embeddedScreenshots": true,
        "inlineAssets": true
      },
      "version": "6.3.2"
    }
  }
}