{
  "stats": {
    "suites": 1,
    "tests": 1,
    "passes": 1,
    "pending": 0,
    "failures": 0,
    "start": "2025-12-09T19:56:10.732Z",
    "end": "2025-12-09T19:56:20.383Z",
    "duration": 9651,
    "testsRegistered": 1,
    "passPercent": 100,
    "pendingPercent": 0,
    "other": 0,
    "hasOther": false,
    "skipped": 0,
    "hasSkipped": false
  },
  "results": [
    {
      "uuid": "057a2910-5509-4ab5-aa46-8012188cc87e",
      "title": "",
      "fullFile": "cypress\\e2e\\examples\\test2.cy.js",
      "file": "cypress\\e2e\\examples\\test2.cy.js",
      "beforeHooks": [],
      "afterHooks": [],
      "tests": [],
      "suites": [
        {
          "uuid": "706d75c7-77bf-45ee-bea5-b0a0d8bb2e30",
          "title": "My Second Test Suite",
          "fullFile": "",
          "file": "",
          "beforeHooks": [],
          "afterHooks": [],
          "tests": [
            {
              "title": "My Second Test case",
              "fullTitle": "My Second Test Suite My Second Test case",
              "timedOut": null,
              "duration": 7325,
              "state": "passed",
              "speed": "medium",
              "pass": true,
              "fail": false,
              "pending": false,
              "context": null,
              "code": "cy.visit(Cypress.env('url') + \"/seleniumPractise/#/\");\ncy.get('.search-keyword').type('ca');\ncy.wait(2000);\n//selenium get hit url in browser, cypress get acts like findElement of selenium\n//Parent child chaining\ncy.get('.products').as('productLocator'); //aliasing\ncy.get('@productLocator').find('.product').each(($el, index, $list) => {\n  const textVeg = $el.find('h4.product-name').text();\n  if (textVeg.includes('Cashews')) {\n    $el.find('button').click();\n  }\n});\ncy.get('.cart-icon').click();\ncy.contains('PROCEED TO CHECKOUT').click();\ncy.contains('Place Order').click();\ncy.get('select').select('India');\ncy.get('.chkAgree').click();\ncy.get('button').click();\n//fixture",
              "err": {},
              "uuid": "5104ca77-d3f2-4c09-8c64-297069e6d73a",
              "parentUUID": "706d75c7-77bf-45ee-bea5-b0a0d8bb2e30",
              "isHook": false,
              "skipped": false
            }
          ],
          "suites": [],
          "passes": [
            "5104ca77-d3f2-4c09-8c64-297069e6d73a"
          ],
          "failures": [],
          "pending": [],
          "skipped": [],
          "duration": 7325,
          "root": false,
          "rootEmpty": false,
          "_timeout": 2000
        }
      ],
      "passes": [],
      "failures": [],
      "pending": [],
      "skipped": [],
      "duration": 0,
      "root": true,
      "rootEmpty": true,
      "_timeout": 2000
    }
  ],
  "meta": {
    "mocha": {
      "version": "7.2.0"
    },
    "mochawesome": {
      "options": {
        "quiet": false,
        "reportFilename": "mochawesome",
        "saveHtml": false,
        "saveJson": true,
        "consoleReporter": "spec",
        "useInlineDiffs": false,
        "code": true
      },
      "version": "7.1.4"
    },
    "marge": {
      "options": {
        "reportDir": "cypress\\reports\\html\\.jsons",
        "overwrite": false,
        "html": false,
        "json": true,
        "charts": true,
        "embeddedScreenshots": true,
        "inlineAssets": true
      },
      "version": "6.3.2"
    }
  }
}